<?xml version="1.0" encoding="UTF-8"?>
<!-- Generated by org.testng.reporters.JUnitReportReporter -->
<testsuite hostname="ip-172-31-67-230" name="testsuite.Testcase1" tests="3" failures="0" timestamp="10 Apr 2021 16:04:07 GMT" time="0.013" errors="0">
  <testcase name="test2" time="0.011" classname="testsuite.Testcase1"/>
  <testcase name="test1" time="0.001" classname="testsuite.Testcase1"/>
  <testcase name="othertest" time="0.001" classname="testsuite.Testcase1"/>
</testsuite>
