<?xml version="1.0" encoding="UTF-8"?>
<!-- Generated by org.testng.reporters.JUnitReportReporter -->
<testsuite hostname="ip-172-31-67-230" name="testsuite.Testcase2" tests="1" failures="0" timestamp="10 Apr 2021 15:32:44 GMT" time="0.001" errors="0">
  <testcase name="test3" time="0.001" classname="testsuite.Testcase2"/>
</testsuite>
