<?xml version="1.0" encoding="UTF-8"?>
<!-- Generated by org.testng.reporters.JUnitReportReporter -->
<testsuite skipped="0" hostname="ip-172-31-67-230" name="testsuite.ApachePOI" tests="1" failures="0" timestamp="2021-04-11T14:05:49 UTC" time="6.421" errors="0">
  <testcase name="Login" time="6.421" classname="testsuite.ApachePOI"/>
  <system-out/>
</testsuite> <!-- testsuite.ApachePOI -->
