<?xml version="1.0" encoding="UTF-8"?>
<!-- Generated by org.testng.reporters.JUnitReportReporter -->
<testsuite skipped="0" hostname="ip-172-31-67-230" name="testsuite.ParallelTest" tests="2" failures="0" timestamp="2021-04-11T14:46:17 UTC" time="8.626" errors="0">
  <testcase name="ChromeTest" time="2.994" classname="testsuite.ParallelTest"/>
  <system-out/>
  <testcase name="FireFoxTest" time="5.632" classname="testsuite.ParallelTest"/>
  <system-out/>
</testsuite> <!-- testsuite.ParallelTest -->
